<?xml version="1.0" encoding="UTF-8"?>
<testsuite xmlns:xsi="http://www.w3.org/2001/XMLSchema-instance" xsi:noNamespaceSchemaLocation="https://maven.apache.org/surefire/maven-surefire-plugin/xsd/surefire-test-report-3.0.xsd" version="3.0" name="TestSuite" time="94.965" tests="2" errors="0" skipped="0" failures="2">
  <properties>
    <property name="gopherProxySet" value="false"/>
    <property name="awt.toolkit" value="sun.lwawt.macosx.LWCToolkit"/>
    <property name="file.encoding.pkg" value="sun.io"/>
    <property name="java.specification.version" value="1.8"/>
    <property name="webdriver.chrome.driver" value="/Users/dylanIsrael/IdeaProjects/cucumber/OrangeBankTestAutomation/src/test/resources/webDrivers/chromedriver"/>
    <property name="sun.cpu.isalist" value=""/>
    <property name="sun.jnu.encoding" value="UTF-8"/>
    <property name="java.class.path" value="/Users/dylanIsrael/IdeaProjects/cucumber/OrangeBankTestAutomation/target/test-classes:/Users/dylanIsrael/IdeaProjects/cucumber/OrangeBankTestAutomation/target/classes:/Users/dylanIsrael/.m2/repository/io/appium/java-client/7.5.1/java-client-7.5.1.jar:/Users/dylanIsrael/.m2/repository/com/google/code/gson/gson/2.8.6/gson-2.8.6.jar:/Users/dylanIsrael/.m2/repository/org/apache/httpcomponents/httpclient/4.5.13/httpclient-4.5.13.jar:/Users/dylanIsrael/.m2/repository/org/apache/httpcomponents/httpcore/4.4.13/httpcore-4.4.13.jar:/Users/dylanIsrael/.m2/repository/commons-logging/commons-logging/1.2/commons-logging-1.2.jar:/Users/dylanIsrael/.m2/repository/cglib/cglib/3.3.0/cglib-3.3.0.jar:/Users/dylanIsrael/.m2/repository/org/ow2/asm/asm/7.1/asm-7.1.jar:/Users/dylanIsrael/.m2/repository/commons-validator/commons-validator/1.7/commons-validator-1.7.jar:/Users/dylanIsrael/.m2/repository/commons-beanutils/commons-beanutils/1.9.4/commons-beanutils-1.9.4.jar:/Users/dylanIsrael/.m2/repository/commons-digester/commons-digester/2.1/commons-digester-2.1.jar:/Users/dylanIsrael/.m2/repository/commons-collections/commons-collections/3.2.2/commons-collections-3.2.2.jar:/Users/dylanIsrael/.m2/repository/org/apache/commons/commons-lang3/3.12.0/commons-lang3-3.12.0.jar:/Users/dylanIsrael/.m2/repository/commons-io/commons-io/2.8.0/commons-io-2.8.0.jar:/Users/dylanIsrael/.m2/repository/org/springframework/spring-context/5.3.4/spring-context-5.3.4.jar:/Users/dylanIsrael/.m2/repository/org/springframework/spring-aop/5.3.4/spring-aop-5.3.4.jar:/Users/dylanIsrael/.m2/repository/org/springframework/spring-beans/5.3.4/spring-beans-5.3.4.jar:/Users/dylanIsrael/.m2/repository/org/springframework/spring-core/5.3.4/spring-core-5.3.4.jar:/Users/dylanIsrael/.m2/repository/org/springframework/spring-jcl/5.3.4/spring-jcl-5.3.4.jar:/Users/dylanIsrael/.m2/repository/org/springframework/spring-expression/5.3.4/spring-expression-5.3.4.jar:/Users/dylanIsrael/.m2/repository/org/aspectj/aspectjweaver/1.9.6/aspectjweaver-1.9.6.jar:/Users/dylanIsrael/.m2/repository/org/slf4j/slf4j-api/1.7.30/slf4j-api-1.7.30.jar:/Users/dylanIsrael/.m2/repository/org/apache/poi/poi/5.0.0/poi-5.0.0.jar:/Users/dylanIsrael/.m2/repository/org/slf4j/jcl-over-slf4j/1.7.30/jcl-over-slf4j-1.7.30.jar:/Users/dylanIsrael/.m2/repository/commons-codec/commons-codec/1.15/commons-codec-1.15.jar:/Users/dylanIsrael/.m2/repository/org/apache/commons/commons-collections4/4.4/commons-collections4-4.4.jar:/Users/dylanIsrael/.m2/repository/org/apache/commons/commons-math3/3.6.1/commons-math3-3.6.1.jar:/Users/dylanIsrael/.m2/repository/com/zaxxer/SparseBitSet/1.2/SparseBitSet-1.2.jar:/Users/dylanIsrael/.m2/repository/org/apache/poi/poi-ooxml/5.0.0/poi-ooxml-5.0.0.jar:/Users/dylanIsrael/.m2/repository/org/apache/poi/poi-ooxml-lite/5.0.0/poi-ooxml-lite-5.0.0.jar:/Users/dylanIsrael/.m2/repository/org/apache/xmlbeans/xmlbeans/4.0.0/xmlbeans-4.0.0.jar:/Users/dylanIsrael/.m2/repository/xml-apis/xml-apis/1.4.01/xml-apis-1.4.01.jar:/Users/dylanIsrael/.m2/repository/org/apache/commons/commons-compress/1.20/commons-compress-1.20.jar:/Users/dylanIsrael/.m2/repository/com/github/virtuald/curvesapi/1.06/curvesapi-1.06.jar:/Users/dylanIsrael/.m2/repository/org/bouncycastle/bcpkix-jdk15on/1.68/bcpkix-jdk15on-1.68.jar:/Users/dylanIsrael/.m2/repository/org/bouncycastle/bcprov-jdk15on/1.68/bcprov-jdk15on-1.68.jar:/Users/dylanIsrael/.m2/repository/org/apache/santuario/xmlsec/2.2.1/xmlsec-2.2.1.jar:/Users/dylanIsrael/.m2/repository/com/fasterxml/woodstox/woodstox-core/5.2.1/woodstox-core-5.2.1.jar:/Users/dylanIsrael/.m2/repository/org/codehaus/woodstox/stax2-api/4.2/stax2-api-4.2.jar:/Users/dylanIsrael/.m2/repository/org/apache/xmlgraphics/batik-all/1.13/batik-all-1.13.jar:/Users/dylanIsrael/.m2/repository/org/apache/xmlgraphics/batik-anim/1.13/batik-anim-1.13.jar:/Users/dylanIsrael/.m2/repository/org/apache/xmlgraphics/batik-shared-resources/1.13/batik-shared-resources-1.13.jar:/Users/dylanIsrael/.m2/repository/xml-apis/xml-apis-ext/1.3.04/xml-apis-ext-1.3.04.jar:/Users/dylanIsrael/.m2/repository/org/apache/xmlgraphics/batik-awt-util/1.13/batik-awt-util-1.13.jar:/Users/dylanIsrael/.m2/repository/org/apache/xmlgraphics/xmlgraphics-commons/2.4/xmlgraphics-commons-2.4.jar:/Users/dylanIsrael/.m2/repository/org/apache/xmlgraphics/batik-bridge/1.13/batik-bridge-1.13.jar:/Users/dylanIsrael/.m2/repository/org/apache/xmlgraphics/batik-codec/1.13/batik-codec-1.13.jar:/Users/dylanIsrael/.m2/repository/org/apache/xmlgraphics/batik-constants/1.13/batik-constants-1.13.jar:/Users/dylanIsrael/.m2/repository/org/apache/xmlgraphics/batik-css/1.13/batik-css-1.13.jar:/Users/dylanIsrael/.m2/repository/org/apache/xmlgraphics/batik-dom/1.13/batik-dom-1.13.jar:/Users/dylanIsrael/.m2/repository/xalan/xalan/2.7.2/xalan-2.7.2.jar:/Users/dylanIsrael/.m2/repository/xalan/serializer/2.7.2/serializer-2.7.2.jar:/Users/dylanIsrael/.m2/repository/org/apache/xmlgraphics/batik-ext/1.13/batik-ext-1.13.jar:/Users/dylanIsrael/.m2/repository/org/apache/xmlgraphics/batik-extension/1.13/batik-extension-1.13.jar:/Users/dylanIsrael/.m2/repository/org/apache/xmlgraphics/batik-gui-util/1.13/batik-gui-util-1.13.jar:/Users/dylanIsrael/.m2/repository/org/apache/xmlgraphics/batik-gvt/1.13/batik-gvt-1.13.jar:/Users/dylanIsrael/.m2/repository/org/apache/xmlgraphics/batik-i18n/1.13/batik-i18n-1.13.jar:/Users/dylanIsrael/.m2/repository/org/apache/xmlgraphics/batik-parser/1.13/batik-parser-1.13.jar:/Users/dylanIsrael/.m2/repository/org/apache/xmlgraphics/batik-rasterizer-ext/1.13/batik-rasterizer-ext-1.13.jar:/Users/dylanIsrael/.m2/repository/org/apache/xmlgraphics/batik-rasterizer/1.13/batik-rasterizer-1.13.jar:/Users/dylanIsrael/.m2/repository/org/apache/xmlgraphics/batik-script/1.13/batik-script-1.13.jar:/Users/dylanIsrael/.m2/repository/org/apache/xmlgraphics/batik-slideshow/1.13/batik-slideshow-1.13.jar:/Users/dylanIsrael/.m2/repository/org/apache/xmlgraphics/batik-squiggle-ext/1.13/batik-squiggle-ext-1.13.jar:/Users/dylanIsrael/.m2/repository/org/apache/xmlgraphics/batik-squiggle/1.13/batik-squiggle-1.13.jar:/Users/dylanIsrael/.m2/repository/org/apache/xmlgraphics/batik-svg-dom/1.13/batik-svg-dom-1.13.jar:/Users/dylanIsrael/.m2/repository/org/apache/xmlgraphics/batik-svgbrowser/1.13/batik-svgbrowser-1.13.jar:/Users/dylanIsrael/.m2/repository/org/apache/xmlgraphics/batik-svggen/1.13/batik-svggen-1.13.jar:/Users/dylanIsrael/.m2/repository/org/apache/xmlgraphics/batik-svgpp/1.13/batik-svgpp-1.13.jar:/Users/dylanIsrael/.m2/repository/org/apache/xmlgraphics/batik-svgrasterizer/1.13/batik-svgrasterizer-1.13.jar:/Users/dylanIsrael/.m2/repository/org/apache/xmlgraphics/batik-swing/1.13/batik-swing-1.13.jar:/Users/dylanIsrael/.m2/repository/org/apache/xmlgraphics/batik-transcoder/1.13/batik-transcoder-1.13.jar:/Users/dylanIsrael/.m2/repository/org/apache/xmlgraphics/batik-util/1.13/batik-util-1.13.jar:/Users/dylanIsrael/.m2/repository/org/apache/xmlgraphics/batik-ttf2svg/1.13/batik-ttf2svg-1.13.jar:/Users/dylanIsrael/.m2/repository/org/apache/xmlgraphics/batik-xml/1.13/batik-xml-1.13.jar:/Users/dylanIsrael/.m2/repository/de/rototor/pdfbox/graphics2d/0.30/graphics2d-0.30.jar:/Users/dylanIsrael/.m2/repository/org/apache/pdfbox/pdfbox/2.0.22/pdfbox-2.0.22.jar:/Users/dylanIsrael/.m2/repository/org/apache/pdfbox/fontbox/2.0.22/fontbox-2.0.22.jar:/Users/dylanIsrael/.m2/repository/org/seleniumhq/selenium/selenium-java/4.0.0-alpha-2/selenium-java-4.0.0-alpha-2.jar:/Users/dylanIsrael/.m2/repository/org/seleniumhq/selenium/selenium-edgehtml-driver/4.0.0-alpha-2/selenium-edgehtml-driver-4.0.0-alpha-2.jar:/Users/dylanIsrael/.m2/repository/org/seleniumhq/selenium/selenium-edge-driver/4.0.0-alpha-2/selenium-edge-driver-4.0.0-alpha-2.jar:/Users/dylanIsrael/.m2/repository/org/seleniumhq/selenium/selenium-firefox-xpi-driver/4.0.0-alpha-2/selenium-firefox-xpi-driver-4.0.0-alpha-2.jar:/Users/dylanIsrael/.m2/repository/org/seleniumhq/selenium/selenium-firefox-driver/4.0.0-alpha-2/selenium-firefox-driver-4.0.0-alpha-2.jar:/Users/dylanIsrael/.m2/repository/org/seleniumhq/selenium/selenium-ie-driver/4.0.0-alpha-2/selenium-ie-driver-4.0.0-alpha-2.jar:/Users/dylanIsrael/.m2/repository/org/seleniumhq/selenium/selenium-opera-driver/4.0.0-alpha-2/selenium-opera-driver-4.0.0-alpha-2.jar:/Users/dylanIsrael/.m2/repository/org/seleniumhq/selenium/selenium-safari-driver/4.0.0-alpha-2/selenium-safari-driver-4.0.0-alpha-2.jar:/Users/dylanIsrael/.m2/repository/org/testng/testng/7.4.0/testng-7.4.0.jar:/Users/dylanIsrael/.m2/repository/com/beust/jcommander/1.78/jcommander-1.78.jar:/Users/dylanIsrael/.m2/repository/org/webjars/jquery/3.5.1/jquery-3.5.1.jar:/Users/dylanIsrael/.m2/repository/io/cucumber/cucumber-testng/6.10.3/cucumber-testng-6.10.3.jar:/Users/dylanIsrael/.m2/repository/org/apiguardian/apiguardian-api/1.1.1/apiguardian-api-1.1.1.jar:/Users/dylanIsrael/.m2/repository/io/cucumber/cucumber-core/6.10.3/cucumber-core-6.10.3.jar:/Users/dylanIsrael/.m2/repository/io/cucumber/cucumber-gherkin/6.10.3/cucumber-gherkin-6.10.3.jar:/Users/dylanIsrael/.m2/repository/io/cucumber/cucumber-gherkin-messages/6.10.3/cucumber-gherkin-messages-6.10.3.jar:/Users/dylanIsrael/.m2/repository/io/cucumber/messages/15.0.0/messages-15.0.0.jar:/Users/dylanIsrael/.m2/repository/io/cucumber/tag-expressions/3.0.1/tag-expressions-3.0.1.jar:/Users/dylanIsrael/.m2/repository/io/cucumber/cucumber-expressions/10.3.0/cucumber-expressions-10.3.0.jar:/Users/dylanIsrael/.m2/repository/io/cucumber/datatable/3.5.0/datatable-3.5.0.jar:/Users/dylanIsrael/.m2/repository/io/cucumber/cucumber-plugin/6.10.3/cucumber-plugin-6.10.3.jar:/Users/dylanIsrael/.m2/repository/io/cucumber/docstring/6.10.3/docstring-6.10.3.jar:/Users/dylanIsrael/.m2/repository/io/cucumber/html-formatter/13.0.0/html-formatter-13.0.0.jar:/Users/dylanIsrael/.m2/repository/io/cucumber/create-meta/4.0.0/create-meta-4.0.0.jar:/Users/dylanIsrael/.m2/repository/io/cucumber/cucumber-java/6.10.3/cucumber-java-6.10.3.jar:/Users/dylanIsrael/.m2/repository/io/cucumber/cucumber-picocontainer/6.10.3/cucumber-picocontainer-6.10.3.jar:/Users/dylanIsrael/.m2/repository/org/picocontainer/picocontainer/2.15/picocontainer-2.15.jar:/Users/dylanIsrael/.m2/repository/org/seleniumhq/selenium/selenium-api/4.0.0-alpha-2/selenium-api-4.0.0-alpha-2.jar:/Users/dylanIsrael/.m2/repository/org/seleniumhq/selenium/selenium-chrome-driver/4.0.0-alpha-2/selenium-chrome-driver-4.0.0-alpha-2.jar:/Users/dylanIsrael/.m2/repository/org/seleniumhq/selenium/selenium-chromium-driver/4.0.0-alpha-2/selenium-chromium-driver-4.0.0-alpha-2.jar:/Users/dylanIsrael/.m2/repository/org/seleniumhq/selenium/selenium-support/4.0.0-alpha-2/selenium-support-4.0.0-alpha-2.jar:/Users/dylanIsrael/.m2/repository/org/seleniumhq/selenium/selenium-remote-driver/4.0.0-alpha-2/selenium-remote-driver-4.0.0-alpha-2.jar:/Users/dylanIsrael/.m2/repository/net/bytebuddy/byte-buddy/1.9.12/byte-buddy-1.9.12.jar:/Users/dylanIsrael/.m2/repository/org/apache/commons/commons-exec/1.3/commons-exec-1.3.jar:/Users/dylanIsrael/.m2/repository/io/opentracing/contrib/opentracing-tracerresolver/0.1.7/opentracing-tracerresolver-0.1.7.jar:/Users/dylanIsrael/.m2/repository/io/opentracing/opentracing-api/0.33.0/opentracing-api-0.33.0.jar:/Users/dylanIsrael/.m2/repository/com/squareup/okhttp3/okhttp/3.14.0/okhttp-3.14.0.jar:/Users/dylanIsrael/.m2/repository/com/squareup/okio/okio/1.17.2/okio-1.17.2.jar:/Users/dylanIsrael/.m2/repository/io/opentracing/opentracing-util/0.33.0/opentracing-util-0.33.0.jar:/Users/dylanIsrael/.m2/repository/io/opentracing/opentracing-noop/0.33.0/opentracing-noop-0.33.0.jar:/Users/dylanIsrael/.m2/repository/org/jetbrains/annotations/21.0.1/annotations-21.0.1.jar:/Users/dylanIsrael/.m2/repository/com/google/guava/guava/25.0-jre/guava-25.0-jre.jar:/Users/dylanIsrael/.m2/repository/com/google/code/findbugs/jsr305/1.3.9/jsr305-1.3.9.jar:/Users/dylanIsrael/.m2/repository/org/checkerframework/checker-compat-qual/2.0.0/checker-compat-qual-2.0.0.jar:/Users/dylanIsrael/.m2/repository/com/google/errorprone/error_prone_annotations/2.1.3/error_prone_annotations-2.1.3.jar:/Users/dylanIsrael/.m2/repository/com/google/j2objc/j2objc-annotations/1.1/j2objc-annotations-1.1.jar:/Users/dylanIsrael/.m2/repository/org/codehaus/mojo/animal-sniffer-annotations/1.14/animal-sniffer-annotations-1.14.jar:/Users/dylanIsrael/.m2/repository/com/sun/mail/javax.mail/1.6.0/javax.mail-1.6.0.jar:/Users/dylanIsrael/.m2/repository/javax/activation/activation/1.1/activation-1.1.jar:/Users/dylanIsrael/.m2/repository/com/paulhammant/ngwebdriver/1.1.5/ngwebdriver-1.1.5.jar:"/>
    <property name="java.vm.vendor" value="AdoptOpenJDK"/>
    <property name="sun.arch.data.model" value="64"/>
    <property name="java.vendor.url" value="https://adoptopenjdk.net/"/>
    <property name="user.timezone" value="Africa/Douala"/>
    <property name="java.vm.specification.version" value="1.8"/>
    <property name="os.name" value="Mac OS X"/>
    <property name="user.country" value="CM"/>
    <property name="sun.java.launcher" value="SUN_STANDARD"/>
    <property name="sun.boot.library.path" value="/Library/Java/JavaVirtualMachines/adoptopenjdk-8.jdk/Contents/Home/jre/lib"/>
    <property name="sun.java.command" value="/Users/dylanIsrael/IdeaProjects/cucumber/OrangeBankTestAutomation/target/surefire/surefirebooter6744034757486565756.jar /Users/dylanIsrael/IdeaProjects/cucumber/OrangeBankTestAutomation/target/surefire 2021-06-09T11-52-55_266-jvmRun1 surefire7559529471642200870tmp surefire_06446344800388339685tmp"/>
    <property name="http.nonProxyHosts" value="local|*.local|169.254/16|*.169.254/16"/>
    <property name="surefire.test.class.path" value="/Users/dylanIsrael/IdeaProjects/cucumber/OrangeBankTestAutomation/target/test-classes:/Users/dylanIsrael/IdeaProjects/cucumber/OrangeBankTestAutomation/target/classes:/Users/dylanIsrael/.m2/repository/io/appium/java-client/7.5.1/java-client-7.5.1.jar:/Users/dylanIsrael/.m2/repository/com/google/code/gson/gson/2.8.6/gson-2.8.6.jar:/Users/dylanIsrael/.m2/repository/org/apache/httpcomponents/httpclient/4.5.13/httpclient-4.5.13.jar:/Users/dylanIsrael/.m2/repository/org/apache/httpcomponents/httpcore/4.4.13/httpcore-4.4.13.jar:/Users/dylanIsrael/.m2/repository/commons-logging/commons-logging/1.2/commons-logging-1.2.jar:/Users/dylanIsrael/.m2/repository/cglib/cglib/3.3.0/cglib-3.3.0.jar:/Users/dylanIsrael/.m2/repository/org/ow2/asm/asm/7.1/asm-7.1.jar:/Users/dylanIsrael/.m2/repository/commons-validator/commons-validator/1.7/commons-validator-1.7.jar:/Users/dylanIsrael/.m2/repository/commons-beanutils/commons-beanutils/1.9.4/commons-beanutils-1.9.4.jar:/Users/dylanIsrael/.m2/repository/commons-digester/commons-digester/2.1/commons-digester-2.1.jar:/Users/dylanIsrael/.m2/repository/commons-collections/commons-collections/3.2.2/commons-collections-3.2.2.jar:/Users/dylanIsrael/.m2/repository/org/apache/commons/commons-lang3/3.12.0/commons-lang3-3.12.0.jar:/Users/dylanIsrael/.m2/repository/commons-io/commons-io/2.8.0/commons-io-2.8.0.jar:/Users/dylanIsrael/.m2/repository/org/springframework/spring-context/5.3.4/spring-context-5.3.4.jar:/Users/dylanIsrael/.m2/repository/org/springframework/spring-aop/5.3.4/spring-aop-5.3.4.jar:/Users/dylanIsrael/.m2/repository/org/springframework/spring-beans/5.3.4/spring-beans-5.3.4.jar:/Users/dylanIsrael/.m2/repository/org/springframework/spring-core/5.3.4/spring-core-5.3.4.jar:/Users/dylanIsrael/.m2/repository/org/springframework/spring-jcl/5.3.4/spring-jcl-5.3.4.jar:/Users/dylanIsrael/.m2/repository/org/springframework/spring-expression/5.3.4/spring-expression-5.3.4.jar:/Users/dylanIsrael/.m2/repository/org/aspectj/aspectjweaver/1.9.6/aspectjweaver-1.9.6.jar:/Users/dylanIsrael/.m2/repository/org/slf4j/slf4j-api/1.7.30/slf4j-api-1.7.30.jar:/Users/dylanIsrael/.m2/repository/org/apache/poi/poi/5.0.0/poi-5.0.0.jar:/Users/dylanIsrael/.m2/repository/org/slf4j/jcl-over-slf4j/1.7.30/jcl-over-slf4j-1.7.30.jar:/Users/dylanIsrael/.m2/repository/commons-codec/commons-codec/1.15/commons-codec-1.15.jar:/Users/dylanIsrael/.m2/repository/org/apache/commons/commons-collections4/4.4/commons-collections4-4.4.jar:/Users/dylanIsrael/.m2/repository/org/apache/commons/commons-math3/3.6.1/commons-math3-3.6.1.jar:/Users/dylanIsrael/.m2/repository/com/zaxxer/SparseBitSet/1.2/SparseBitSet-1.2.jar:/Users/dylanIsrael/.m2/repository/org/apache/poi/poi-ooxml/5.0.0/poi-ooxml-5.0.0.jar:/Users/dylanIsrael/.m2/repository/org/apache/poi/poi-ooxml-lite/5.0.0/poi-ooxml-lite-5.0.0.jar:/Users/dylanIsrael/.m2/repository/org/apache/xmlbeans/xmlbeans/4.0.0/xmlbeans-4.0.0.jar:/Users/dylanIsrael/.m2/repository/xml-apis/xml-apis/1.4.01/xml-apis-1.4.01.jar:/Users/dylanIsrael/.m2/repository/org/apache/commons/commons-compress/1.20/commons-compress-1.20.jar:/Users/dylanIsrael/.m2/repository/com/github/virtuald/curvesapi/1.06/curvesapi-1.06.jar:/Users/dylanIsrael/.m2/repository/org/bouncycastle/bcpkix-jdk15on/1.68/bcpkix-jdk15on-1.68.jar:/Users/dylanIsrael/.m2/repository/org/bouncycastle/bcprov-jdk15on/1.68/bcprov-jdk15on-1.68.jar:/Users/dylanIsrael/.m2/repository/org/apache/santuario/xmlsec/2.2.1/xmlsec-2.2.1.jar:/Users/dylanIsrael/.m2/repository/com/fasterxml/woodstox/woodstox-core/5.2.1/woodstox-core-5.2.1.jar:/Users/dylanIsrael/.m2/repository/org/codehaus/woodstox/stax2-api/4.2/stax2-api-4.2.jar:/Users/dylanIsrael/.m2/repository/org/apache/xmlgraphics/batik-all/1.13/batik-all-1.13.jar:/Users/dylanIsrael/.m2/repository/org/apache/xmlgraphics/batik-anim/1.13/batik-anim-1.13.jar:/Users/dylanIsrael/.m2/repository/org/apache/xmlgraphics/batik-shared-resources/1.13/batik-shared-resources-1.13.jar:/Users/dylanIsrael/.m2/repository/xml-apis/xml-apis-ext/1.3.04/xml-apis-ext-1.3.04.jar:/Users/dylanIsrael/.m2/repository/org/apache/xmlgraphics/batik-awt-util/1.13/batik-awt-util-1.13.jar:/Users/dylanIsrael/.m2/repository/org/apache/xmlgraphics/xmlgraphics-commons/2.4/xmlgraphics-commons-2.4.jar:/Users/dylanIsrael/.m2/repository/org/apache/xmlgraphics/batik-bridge/1.13/batik-bridge-1.13.jar:/Users/dylanIsrael/.m2/repository/org/apache/xmlgraphics/batik-codec/1.13/batik-codec-1.13.jar:/Users/dylanIsrael/.m2/repository/org/apache/xmlgraphics/batik-constants/1.13/batik-constants-1.13.jar:/Users/dylanIsrael/.m2/repository/org/apache/xmlgraphics/batik-css/1.13/batik-css-1.13.jar:/Users/dylanIsrael/.m2/repository/org/apache/xmlgraphics/batik-dom/1.13/batik-dom-1.13.jar:/Users/dylanIsrael/.m2/repository/xalan/xalan/2.7.2/xalan-2.7.2.jar:/Users/dylanIsrael/.m2/repository/xalan/serializer/2.7.2/serializer-2.7.2.jar:/Users/dylanIsrael/.m2/repository/org/apache/xmlgraphics/batik-ext/1.13/batik-ext-1.13.jar:/Users/dylanIsrael/.m2/repository/org/apache/xmlgraphics/batik-extension/1.13/batik-extension-1.13.jar:/Users/dylanIsrael/.m2/repository/org/apache/xmlgraphics/batik-gui-util/1.13/batik-gui-util-1.13.jar:/Users/dylanIsrael/.m2/repository/org/apache/xmlgraphics/batik-gvt/1.13/batik-gvt-1.13.jar:/Users/dylanIsrael/.m2/repository/org/apache/xmlgraphics/batik-i18n/1.13/batik-i18n-1.13.jar:/Users/dylanIsrael/.m2/repository/org/apache/xmlgraphics/batik-parser/1.13/batik-parser-1.13.jar:/Users/dylanIsrael/.m2/repository/org/apache/xmlgraphics/batik-rasterizer-ext/1.13/batik-rasterizer-ext-1.13.jar:/Users/dylanIsrael/.m2/repository/org/apache/xmlgraphics/batik-rasterizer/1.13/batik-rasterizer-1.13.jar:/Users/dylanIsrael/.m2/repository/org/apache/xmlgraphics/batik-script/1.13/batik-script-1.13.jar:/Users/dylanIsrael/.m2/repository/org/apache/xmlgraphics/batik-slideshow/1.13/batik-slideshow-1.13.jar:/Users/dylanIsrael/.m2/repository/org/apache/xmlgraphics/batik-squiggle-ext/1.13/batik-squiggle-ext-1.13.jar:/Users/dylanIsrael/.m2/repository/org/apache/xmlgraphics/batik-squiggle/1.13/batik-squiggle-1.13.jar:/Users/dylanIsrael/.m2/repository/org/apache/xmlgraphics/batik-svg-dom/1.13/batik-svg-dom-1.13.jar:/Users/dylanIsrael/.m2/repository/org/apache/xmlgraphics/batik-svgbrowser/1.13/batik-svgbrowser-1.13.jar:/Users/dylanIsrael/.m2/repository/org/apache/xmlgraphics/batik-svggen/1.13/batik-svggen-1.13.jar:/Users/dylanIsrael/.m2/repository/org/apache/xmlgraphics/batik-svgpp/1.13/batik-svgpp-1.13.jar:/Users/dylanIsrael/.m2/repository/org/apache/xmlgraphics/batik-svgrasterizer/1.13/batik-svgrasterizer-1.13.jar:/Users/dylanIsrael/.m2/repository/org/apache/xmlgraphics/batik-swing/1.13/batik-swing-1.13.jar:/Users/dylanIsrael/.m2/repository/org/apache/xmlgraphics/batik-transcoder/1.13/batik-transcoder-1.13.jar:/Users/dylanIsrael/.m2/repository/org/apache/xmlgraphics/batik-util/1.13/batik-util-1.13.jar:/Users/dylanIsrael/.m2/repository/org/apache/xmlgraphics/batik-ttf2svg/1.13/batik-ttf2svg-1.13.jar:/Users/dylanIsrael/.m2/repository/org/apache/xmlgraphics/batik-xml/1.13/batik-xml-1.13.jar:/Users/dylanIsrael/.m2/repository/de/rototor/pdfbox/graphics2d/0.30/graphics2d-0.30.jar:/Users/dylanIsrael/.m2/repository/org/apache/pdfbox/pdfbox/2.0.22/pdfbox-2.0.22.jar:/Users/dylanIsrael/.m2/repository/org/apache/pdfbox/fontbox/2.0.22/fontbox-2.0.22.jar:/Users/dylanIsrael/.m2/repository/org/seleniumhq/selenium/selenium-java/4.0.0-alpha-2/selenium-java-4.0.0-alpha-2.jar:/Users/dylanIsrael/.m2/repository/org/seleniumhq/selenium/selenium-edgehtml-driver/4.0.0-alpha-2/selenium-edgehtml-driver-4.0.0-alpha-2.jar:/Users/dylanIsrael/.m2/repository/org/seleniumhq/selenium/selenium-edge-driver/4.0.0-alpha-2/selenium-edge-driver-4.0.0-alpha-2.jar:/Users/dylanIsrael/.m2/repository/org/seleniumhq/selenium/selenium-firefox-xpi-driver/4.0.0-alpha-2/selenium-firefox-xpi-driver-4.0.0-alpha-2.jar:/Users/dylanIsrael/.m2/repository/org/seleniumhq/selenium/selenium-firefox-driver/4.0.0-alpha-2/selenium-firefox-driver-4.0.0-alpha-2.jar:/Users/dylanIsrael/.m2/repository/org/seleniumhq/selenium/selenium-ie-driver/4.0.0-alpha-2/selenium-ie-driver-4.0.0-alpha-2.jar:/Users/dylanIsrael/.m2/repository/org/seleniumhq/selenium/selenium-opera-driver/4.0.0-alpha-2/selenium-opera-driver-4.0.0-alpha-2.jar:/Users/dylanIsrael/.m2/repository/org/seleniumhq/selenium/selenium-safari-driver/4.0.0-alpha-2/selenium-safari-driver-4.0.0-alpha-2.jar:/Users/dylanIsrael/.m2/repository/org/testng/testng/7.4.0/testng-7.4.0.jar:/Users/dylanIsrael/.m2/repository/com/beust/jcommander/1.78/jcommander-1.78.jar:/Users/dylanIsrael/.m2/repository/org/webjars/jquery/3.5.1/jquery-3.5.1.jar:/Users/dylanIsrael/.m2/repository/io/cucumber/cucumber-testng/6.10.3/cucumber-testng-6.10.3.jar:/Users/dylanIsrael/.m2/repository/org/apiguardian/apiguardian-api/1.1.1/apiguardian-api-1.1.1.jar:/Users/dylanIsrael/.m2/repository/io/cucumber/cucumber-core/6.10.3/cucumber-core-6.10.3.jar:/Users/dylanIsrael/.m2/repository/io/cucumber/cucumber-gherkin/6.10.3/cucumber-gherkin-6.10.3.jar:/Users/dylanIsrael/.m2/repository/io/cucumber/cucumber-gherkin-messages/6.10.3/cucumber-gherkin-messages-6.10.3.jar:/Users/dylanIsrael/.m2/repository/io/cucumber/messages/15.0.0/messages-15.0.0.jar:/Users/dylanIsrael/.m2/repository/io/cucumber/tag-expressions/3.0.1/tag-expressions-3.0.1.jar:/Users/dylanIsrael/.m2/repository/io/cucumber/cucumber-expressions/10.3.0/cucumber-expressions-10.3.0.jar:/Users/dylanIsrael/.m2/repository/io/cucumber/datatable/3.5.0/datatable-3.5.0.jar:/Users/dylanIsrael/.m2/repository/io/cucumber/cucumber-plugin/6.10.3/cucumber-plugin-6.10.3.jar:/Users/dylanIsrael/.m2/repository/io/cucumber/docstring/6.10.3/docstring-6.10.3.jar:/Users/dylanIsrael/.m2/repository/io/cucumber/html-formatter/13.0.0/html-formatter-13.0.0.jar:/Users/dylanIsrael/.m2/repository/io/cucumber/create-meta/4.0.0/create-meta-4.0.0.jar:/Users/dylanIsrael/.m2/repository/io/cucumber/cucumber-java/6.10.3/cucumber-java-6.10.3.jar:/Users/dylanIsrael/.m2/repository/io/cucumber/cucumber-picocontainer/6.10.3/cucumber-picocontainer-6.10.3.jar:/Users/dylanIsrael/.m2/repository/org/picocontainer/picocontainer/2.15/picocontainer-2.15.jar:/Users/dylanIsrael/.m2/repository/org/seleniumhq/selenium/selenium-api/4.0.0-alpha-2/selenium-api-4.0.0-alpha-2.jar:/Users/dylanIsrael/.m2/repository/org/seleniumhq/selenium/selenium-chrome-driver/4.0.0-alpha-2/selenium-chrome-driver-4.0.0-alpha-2.jar:/Users/dylanIsrael/.m2/repository/org/seleniumhq/selenium/selenium-chromium-driver/4.0.0-alpha-2/selenium-chromium-driver-4.0.0-alpha-2.jar:/Users/dylanIsrael/.m2/repository/org/seleniumhq/selenium/selenium-support/4.0.0-alpha-2/selenium-support-4.0.0-alpha-2.jar:/Users/dylanIsrael/.m2/repository/org/seleniumhq/selenium/selenium-remote-driver/4.0.0-alpha-2/selenium-remote-driver-4.0.0-alpha-2.jar:/Users/dylanIsrael/.m2/repository/net/bytebuddy/byte-buddy/1.9.12/byte-buddy-1.9.12.jar:/Users/dylanIsrael/.m2/repository/org/apache/commons/commons-exec/1.3/commons-exec-1.3.jar:/Users/dylanIsrael/.m2/repository/io/opentracing/contrib/opentracing-tracerresolver/0.1.7/opentracing-tracerresolver-0.1.7.jar:/Users/dylanIsrael/.m2/repository/io/opentracing/opentracing-api/0.33.0/opentracing-api-0.33.0.jar:/Users/dylanIsrael/.m2/repository/com/squareup/okhttp3/okhttp/3.14.0/okhttp-3.14.0.jar:/Users/dylanIsrael/.m2/repository/com/squareup/okio/okio/1.17.2/okio-1.17.2.jar:/Users/dylanIsrael/.m2/repository/io/opentracing/opentracing-util/0.33.0/opentracing-util-0.33.0.jar:/Users/dylanIsrael/.m2/repository/io/opentracing/opentracing-noop/0.33.0/opentracing-noop-0.33.0.jar:/Users/dylanIsrael/.m2/repository/org/jetbrains/annotations/21.0.1/annotations-21.0.1.jar:/Users/dylanIsrael/.m2/repository/com/google/guava/guava/25.0-jre/guava-25.0-jre.jar:/Users/dylanIsrael/.m2/repository/com/google/code/findbugs/jsr305/1.3.9/jsr305-1.3.9.jar:/Users/dylanIsrael/.m2/repository/org/checkerframework/checker-compat-qual/2.0.0/checker-compat-qual-2.0.0.jar:/Users/dylanIsrael/.m2/repository/com/google/errorprone/error_prone_annotations/2.1.3/error_prone_annotations-2.1.3.jar:/Users/dylanIsrael/.m2/repository/com/google/j2objc/j2objc-annotations/1.1/j2objc-annotations-1.1.jar:/Users/dylanIsrael/.m2/repository/org/codehaus/mojo/animal-sniffer-annotations/1.14/animal-sniffer-annotations-1.14.jar:/Users/dylanIsrael/.m2/repository/com/sun/mail/javax.mail/1.6.0/javax.mail-1.6.0.jar:/Users/dylanIsrael/.m2/repository/javax/activation/activation/1.1/activation-1.1.jar:/Users/dylanIsrael/.m2/repository/com/paulhammant/ngwebdriver/1.1.5/ngwebdriver-1.1.5.jar:"/>
    <property name="sun.cpu.endian" value="little"/>
    <property name="user.home" value="/Users/dylanIsrael"/>
    <property name="user.language" value="fr"/>
    <property name="java.specification.vendor" value="Oracle Corporation"/>
    <property name="java.home" value="/Library/Java/JavaVirtualMachines/adoptopenjdk-8.jdk/Contents/Home/jre"/>
    <property name="basedir" value="/Users/dylanIsrael/IdeaProjects/cucumber/OrangeBankTestAutomation"/>
    <property name="file.separator" value="/"/>
    <property name="line.separator" value="&#10;"/>
    <property name="java.vm.specification.vendor" value="Oracle Corporation"/>
    <property name="java.specification.name" value="Java Platform API Specification"/>
    <property name="java.awt.graphicsenv" value="sun.awt.CGraphicsEnvironment"/>
    <property name="surefire.real.class.path" value="/Users/dylanIsrael/IdeaProjects/cucumber/OrangeBankTestAutomation/target/surefire/surefirebooter6744034757486565756.jar"/>
    <property name="sun.boot.class.path" value="/Library/Java/JavaVirtualMachines/adoptopenjdk-8.jdk/Contents/Home/jre/lib/resources.jar:/Library/Java/JavaVirtualMachines/adoptopenjdk-8.jdk/Contents/Home/jre/lib/rt.jar:/Library/Java/JavaVirtualMachines/adoptopenjdk-8.jdk/Contents/Home/jre/lib/sunrsasign.jar:/Library/Java/JavaVirtualMachines/adoptopenjdk-8.jdk/Contents/Home/jre/lib/jsse.jar:/Library/Java/JavaVirtualMachines/adoptopenjdk-8.jdk/Contents/Home/jre/lib/jce.jar:/Library/Java/JavaVirtualMachines/adoptopenjdk-8.jdk/Contents/Home/jre/lib/charsets.jar:/Library/Java/JavaVirtualMachines/adoptopenjdk-8.jdk/Contents/Home/jre/lib/jfr.jar:/Library/Java/JavaVirtualMachines/adoptopenjdk-8.jdk/Contents/Home/jre/classes"/>
    <property name="sun.management.compiler" value="HotSpot 64-Bit Tiered Compilers"/>
    <property name="ftp.nonProxyHosts" value="local|*.local|169.254/16|*.169.254/16"/>
    <property name="java.runtime.version" value="1.8.0_292-b10"/>
    <property name="user.name" value="dylanIsrael"/>
    <property name="path.separator" value=":"/>
    <property name="os.version" value="10.16"/>
    <property name="java.endorsed.dirs" value="/Library/Java/JavaVirtualMachines/adoptopenjdk-8.jdk/Contents/Home/jre/lib/endorsed"/>
    <property name="java.runtime.name" value="OpenJDK Runtime Environment"/>
    <property name="file.encoding" value="US-ASCII"/>
    <property name="java.vm.name" value="OpenJDK 64-Bit Server VM"/>
    <property name="localRepository" value="/Users/dylanIsrael/.m2/repository"/>
    <property name="java.vendor.url.bug" value="https://github.com/AdoptOpenJDK/openjdk-support/issues"/>
    <property name="java.io.tmpdir" value="/var/folders/x5/2dr0tv6j4pvf2xjb_v9bl3j80000gp/T/"/>
    <property name="java.version" value="1.8.0_292"/>
    <property name="user.dir" value="/Users/dylanIsrael/IdeaProjects/cucumber/OrangeBankTestAutomation"/>
    <property name="os.arch" value="x86_64"/>
    <property name="java.vm.specification.name" value="Java Virtual Machine Specification"/>
    <property name="java.awt.printerjob" value="sun.lwawt.macosx.CPrinterJob"/>
    <property name="sun.os.patch.level" value="unknown"/>
    <property name="java.library.path" value="/Users/dylanIsrael/Library/Java/Extensions:/Library/Java/Extensions:/Network/Library/Java/Extensions:/System/Library/Java/Extensions:/usr/lib/java:."/>
    <property name="java.vm.info" value="mixed mode"/>
    <property name="java.vendor" value="AdoptOpenJDK"/>
    <property name="java.vm.version" value="25.292-b10"/>
    <property name="java.ext.dirs" value="/Users/dylanIsrael/Library/Java/Extensions:/Library/Java/JavaVirtualMachines/adoptopenjdk-8.jdk/Contents/Home/jre/lib/ext:/Library/Java/Extensions:/Network/Library/Java/Extensions:/System/Library/Java/Extensions:/usr/lib/java"/>
    <property name="sun.io.unicode.encoding" value="UnicodeBig"/>
    <property name="java.class.version" value="52.0"/>
    <property name="socksNonProxyHosts" value="local|*.local|169.254/16|*.169.254/16"/>
  </properties>
  <testcase name="runScenario[&quot;Bug 669 Source code download&quot;, &quot;Optional[Anomalies Majeures]&quot;](1)" classname="com.orangebank.TestRunner" time="59.112">
    <failure message="expected [true] but found [false]" type="java.lang.AssertionError"><![CDATA[java.lang.AssertionError: expected [true] but found [false]
]]></failure>
    <system-out><![CDATA[
Scenario: Bug 669 Source code download     &amp#27;[90m# src/test/resources/features/MajorAbnormalities.feature:6&amp#27;[0m
/Users/dylanIsrael/IdeaProjects/cucumber/OrangeBankTestAutomation/src/test/resources/webDrivers/chromedriver
voici le driver ChromeDriver: chrome on MAC (701c34904af54b035597d919eb5a4597)
  &amp#27;[32mGiven &amp#27;[0m&amp#27;[32muser is on home page&amp#27;[0m               &amp#27;[90m# com.orangebank.stepDefinitions.Bug669Stepdefs.userIsOnHomePage()&amp#27;[0m
  &amp#27;[32mAnd &amp#27;[0m&amp#27;[32muser click on notre idee de banque&amp#27;[0m   &amp#27;[90m# com.orangebank.stepDefinitions.Bug669Stepdefs.userClickOnNotreIdeeDeBanque()&amp#27;[0m
  &amp#27;[32mWhen &amp#27;[0m&amp#27;[32muser click on campagne de lancement&amp#27;[0m &amp#27;[90m# com.orangebank.stepDefinitions.Bug669Stepdefs.userClickOnCampagneDeLancement()&amp#27;[0m
fichier trouve  true
/Users/dylanIsrael/Downloads/oembed
❌ KO Le fichier est telecharge bug non corrige
  &amp#27;[31mThen &amp#27;[0m&amp#27;[31mNo files should be downloaded&amp#27;[0m       &amp#27;[90m# com.orangebank.stepDefinitions.Bug669Stepdefs.aucunFichierNeDevraitEtreTelecharge()&amp#27;[0m
      &amp#27;[31mjava.lang.AssertionError: expected [true] but found [false]
	at org.testng.Assert.fail(Assert.java:99)
	at org.testng.Assert.failNotEquals(Assert.java:1037)
	at org.testng.Assert.assertTrue(Assert.java:45)
	at org.testng.Assert.assertTrue(Assert.java:55)
	at com.orangebank.pages.LabanquemobilePage.verifictionBug669(LabanquemobilePage.java:34)
	at com.orangebank.stepDefinitions.Bug669Stepdefs.aucunFichierNeDevraitEtreTelecharge(Bug669Stepdefs.java:30)
	at ���.No files should be downloaded(file:///Users/dylanIsrael/IdeaProjects/cucumber/OrangeBankTestAutomation/src/test/resources/features/MajorAbnormalities.feature:9)
&amp#27;[0m
Mail sent successfully
]]></system-out>
    <system-err><![CDATA[Starting ChromeDriver 90.0.4430.24 (4c6d850f087da467d926e8eddb76550aed655991-refs/branch-heads/4430@{#429}) on port 47301
Only local connections are allowed.
Please see https://chromedriver.chromium.org/security-considerations for suggestions on keeping ChromeDriver safe.
ChromeDriver was started successfully.
[1623235980.025][WARNING]: Deprecated chrome option is ignored: useAutomationExtension
[1623235980.025][WARNING]: Deprecated chrome option is ignored: useAutomationExtension
[1623235982.261][WARNING]: This version of ChromeDriver has not been tested with Chrome version 91.
juin 09, 2021 11:53:02 AM org.openqa.selenium.remote.ProtocolHandshake createSession
INFOS: Detected dialect: W3C
]]></system-err>
  </testcase>
  <testcase name="runScenario[&quot;Bug 663 Empty menu displayed&quot;, &quot;Optional[Annomalies mineures]&quot;](2)" classname="com.orangebank.TestRunner" time="31.219">
    <failure message="expected [true] but found [false]" type="java.lang.AssertionError"><![CDATA[java.lang.AssertionError: expected [true] but found [false]
]]></failure>
    <system-out><![CDATA[
Scenario: Bug 663 Empty menu displayed             &amp#27;[90m# src/test/resources/features/MinorAbnormalities.feature:6&amp#27;[0m
/Users/dylanIsrael/IdeaProjects/cucumber/OrangeBankTestAutomation/src/test/resources/webDrivers/chromedriver
voici le driver ChromeDriver: chrome on MAC (1067d2d343c95fb86a66e79764709305)
  &amp#27;[32mGiven &amp#27;[0m&amp#27;[32muser is on home page&amp#27;[0m                       &amp#27;[90m# com.orangebank.stepDefinitions.Bug669Stepdefs.userIsOnHomePage()&amp#27;[0m
  &amp#27;[32mAnd &amp#27;[0m&amp#27;[32mgo to ForumBankOrange&amp#27;[0m                        &amp#27;[90m# com.orangebank.stepDefinitions.Bug663Stepdefs.goToForumBankOrange()&amp#27;[0m
  &amp#27;[32mAnd &amp#27;[0m&amp#27;[32mclick on first question and choose read more&amp#27;[0m &amp#27;[90m# com.orangebank.stepDefinitions.Bug663Stepdefs.clickOnFirstQuestionAndChooseReadMore()&amp#27;[0m
  &amp#27;[32mWhen &amp#27;[0m&amp#27;[32muser click on the dropdown&amp#27;[0m                  &amp#27;[90m# com.orangebank.stepDefinitions.Bug663Stepdefs.userClickOnTheDropdown()&amp#27;[0m
{width=0, height=0}
0
❌ KO La contenu du menu n'est pas visible Bug non corrige
  &amp#27;[31mThen &amp#27;[0m&amp#27;[31ma content should be displayed in&amp#27;[0m            &amp#27;[90m# com.orangebank.stepDefinitions.Bug663Stepdefs.aContentShouldBeDisplayedIn()&amp#27;[0m
      &amp#27;[31mjava.lang.AssertionError: expected [true] but found [false]
	at org.testng.Assert.fail(Assert.java:99)
	at org.testng.Assert.failNotEquals(Assert.java:1037)
	at org.testng.Assert.assertTrue(Assert.java:45)
	at org.testng.Assert.assertTrue(Assert.java:55)
	at com.orangebank.pages.ForumOrangebankPage.verificationBug663(ForumOrangebankPage.java:57)
	at com.orangebank.stepDefinitions.Bug663Stepdefs.aContentShouldBeDisplayedIn(Bug663Stepdefs.java:30)
	at ���.a content should be displayed in(file:///Users/dylanIsrael/IdeaProjects/cucumber/OrangeBankTestAutomation/src/test/resources/features/MinorAbnormalities.feature:10)
&amp#27;[0m
Mail sent successfully
]]></system-out>
    <system-err><![CDATA[Starting ChromeDriver 90.0.4430.24 (4c6d850f087da467d926e8eddb76550aed655991-refs/branch-heads/4430@{#429}) on port 47446
Only local connections are allowed.
Please see https://chromedriver.chromium.org/security-considerations for suggestions on keeping ChromeDriver safe.
ChromeDriver was started successfully.
[1623236038.153][WARNING]: Deprecated chrome option is ignored: useAutomationExtension
[1623236038.153][WARNING]: Deprecated chrome option is ignored: useAutomationExtension
[1623236039.508][WARNING]: This version of ChromeDriver has not been tested with Chrome version 91.
juin 09, 2021 11:53:59 AM org.openqa.selenium.remote.ProtocolHandshake createSession
INFOS: Detected dialect: W3C
]]></system-err>
  </testcase>
</testsuite>