<?xml version="1.0" encoding="UTF-8"?>
<!-- Generated by org.testng.reporters.JUnitReportReporter -->
<testsuite skipped="0" hostname="Maknim.local" name="com.orangebank.TestRunner" tests="2" failures="2" timestamp="2021-06-09T11:54:32 WAT" time="90.280" errors="0">
  <testcase name="runScenario" time="59.070" classname="com.orangebank.TestRunner">
    <failure type="java.lang.AssertionError" message="expected [true] but found [false]">
      <![CDATA[java.lang.AssertionError: expected [true] but found [false]
at org.testng.Assert.fail(Assert.java:99)
at org.testng.Assert.failNotEquals(Assert.java:1037)
at org.testng.Assert.assertTrue(Assert.java:45)
at org.testng.Assert.assertTrue(Assert.java:55)
at com.orangebank.pages.LabanquemobilePage.verifictionBug669(LabanquemobilePage.java:34)
at com.orangebank.stepDefinitions.Bug669Stepdefs.aucunFichierNeDevraitEtreTelecharge(Bug669Stepdefs.java:30)
at ✽.No files should be downloaded(file:///Users/dylanIsrael/IdeaProjects/cucumber/OrangeBankTestAutomation/src/test/resources/features/MajorAbnormalities.feature:9)
]]>
    </failure>
  </testcase> <!-- runScenario -->
  <system-out/>
  <testcase name="runScenario" time="31.210" classname="com.orangebank.TestRunner">
    <failure type="java.lang.AssertionError" message="expected [true] but found [false]">
      <![CDATA[java.lang.AssertionError: expected [true] but found [false]
at org.testng.Assert.fail(Assert.java:99)
at org.testng.Assert.failNotEquals(Assert.java:1037)
at org.testng.Assert.assertTrue(Assert.java:45)
at org.testng.Assert.assertTrue(Assert.java:55)
at com.orangebank.pages.ForumOrangebankPage.verificationBug663(ForumOrangebankPage.java:57)
at com.orangebank.stepDefinitions.Bug663Stepdefs.aContentShouldBeDisplayedIn(Bug663Stepdefs.java:30)
at ✽.a content should be displayed in(file:///Users/dylanIsrael/IdeaProjects/cucumber/OrangeBankTestAutomation/src/test/resources/features/MinorAbnormalities.feature:10)
]]>
    </failure>
  </testcase> <!-- runScenario -->
  <system-out/>
</testsuite> <!-- com.orangebank.TestRunner -->
